<?xml version="1.0" encoding="UTF-8" ?>
<testsuite errors="1" failures="0" hostname="smonder" name="ComplexTest" skipped="0" tests="1" time="0.0" timestamp="2024-04-23T00:30:24">
  <properties>
    <property name="ant.library.dir" value="D:\apache-ant-1.10.14-bin\apache-ant-1.10.14\lib" />
    <property name="ant.file.type" value="file" />
    <property name="java.specification.version" value="19" />
    <property name="sun.cpu.isalist" value="amd64" />
    <property name="sun.jnu.encoding" value="Cp1252" />
    <property name="java.class.path" value="D:\apache-ant-1.10.14-bin\apache-ant-1.10.14\lib\ant-launcher.jar;D:\apache-ant-1.10.14-bin\apache-ant-1.10.14\lib\ant-antlr.jar;D:\apache-ant-1.10.14-bin\apache-ant-1.10.14\lib\ant-apache-bcel.jar;D:\apache-ant-1.10.14-bin\apache-ant-1.10.14\lib\ant-apache-bsf.jar;D:\apache-ant-1.10.14-bin\apache-ant-1.10.14\lib\ant-apache-log4j.jar;D:\apache-ant-1.10.14-bin\apache-ant-1.10.14\lib\ant-apache-oro.jar;D:\apache-ant-1.10.14-bin\apache-ant-1.10.14\lib\ant-apache-regexp.jar;D:\apache-ant-1.10.14-bin\apache-ant-1.10.14\lib\ant-apache-resolver.jar;D:\apache-ant-1.10.14-bin\apache-ant-1.10.14\lib\ant-apache-xalan2.jar;D:\apache-ant-1.10.14-bin\apache-ant-1.10.14\lib\ant-commons-logging.jar;D:\apache-ant-1.10.14-bin\apache-ant-1.10.14\lib\ant-commons-net.jar;D:\apache-ant-1.10.14-bin\apache-ant-1.10.14\lib\ant-imageio.jar;D:\apache-ant-1.10.14-bin\apache-ant-1.10.14\lib\ant-jai.jar;D:\apache-ant-1.10.14-bin\apache-ant-1.10.14\lib\ant-jakartamail.jar;D:\apache-ant-1.10.14-bin\apache-ant-1.10.14\lib\ant-javamail.jar;D:\apache-ant-1.10.14-bin\apache-ant-1.10.14\lib\ant-jdepend.jar;D:\apache-ant-1.10.14-bin\apache-ant-1.10.14\lib\ant-jmf.jar;D:\apache-ant-1.10.14-bin\apache-ant-1.10.14\lib\ant-jsch.jar;D:\apache-ant-1.10.14-bin\apache-ant-1.10.14\lib\ant-junit.jar;D:\apache-ant-1.10.14-bin\apache-ant-1.10.14\lib\ant-junit4.jar;D:\apache-ant-1.10.14-bin\apache-ant-1.10.14\lib\ant-junitlauncher.jar;D:\apache-ant-1.10.14-bin\apache-ant-1.10.14\lib\ant-launcher.jar;D:\apache-ant-1.10.14-bin\apache-ant-1.10.14\lib\ant-netrexx.jar;D:\apache-ant-1.10.14-bin\apache-ant-1.10.14\lib\ant-swing.jar;D:\apache-ant-1.10.14-bin\apache-ant-1.10.14\lib\ant-testutil.jar;D:\apache-ant-1.10.14-bin\apache-ant-1.10.14\lib\ant-xz.jar;D:\apache-ant-1.10.14-bin\apache-ant-1.10.14\lib\ant.jar" />
    <property name="fail.sound" value="finish.wav" />
    <property name="java.vm.vendor" value="Oracle Corporation" />
    <property name="sun.arch.data.model" value="64" />
    <property name="user.variant" value="" />
    <property name="java.vendor.url" value="https://java.oracle.com/" />
    <property name="version.number" value="7.9.3" />
    <property name="java.vm.specification.version" value="19" />
    <property name="os.name" value="Windows 11" />
    <property name="success.sound" value="finish.wav" />
    <property name="user.country" value="US" />
    <property name="sun.java.launcher" value="SUN_STANDARD" />
    <property name="sun.boot.library.path" value="C:\Program Files\Java\jdk-19\bin" />
    <property name="sun.java.command" value="org.apache.tools.ant.launch.Launcher test" />
    <property name="jdk.debug" value="release" />
    <property name="main.class" value="com.site.demo.IndexView" />
    <property name="test.dir" value="src/main/java/com/site/demo/tests" />
    <property name="sun.cpu.endian" value="little" />
    <property name="user.home" value="C:\Users\vidra" />
    <property name="user.language" value="en" />
    <property name="java.specification.vendor" value="Oracle Corporation" />
    <property name="java.version.date" value="2023-01-17" />
    <property name="java.home" value="C:\Program Files\Java\jdk-19" />
    <property name="basedir" value="D:\java\lab3" />
    <property name="file.separator" value="\" />
    <property name="java.vm.compressedOopsMode" value="Zero based" />
    <property name="line.separator" value="&#xd;&#xa;" />
    <property name="ant.java.version" value="19" />
    <property name="java.specification.name" value="Java Platform API Specification" />
    <property name="java.vm.specification.vendor" value="Oracle Corporation" />
    <property name="user.script" value="" />
    <property name="sun.management.compiler" value="HotSpot 64-Bit Tiered Compilers" />
    <property name="java.runtime.version" value="19.0.2+7-44" />
    <property name="java.security.manager" value="allow" />
    <property name="user.name" value="vidra" />
    <property name="ant.file" value="D:\java\lab3\build.xml" />
    <property name="stdout.encoding" value="cp437" />
    <property name="path.separator" value=";" />
    <property name="os.version" value="10.0" />
    <property name="java.runtime.name" value="Java(TM) SE Runtime Environment" />
    <property name="file.encoding" value="UTF-8" />
    <property name="ant.project.invoked-targets" value="test" />
    <property name="java.vm.name" value="Java HotSpot(TM) 64-Bit Server VM" />
    <property name="report.dir" value="report" />
    <property name="build.dir" value="target" />
    <property name="ant.core.lib" value="D:\apache-ant-1.10.14-bin\apache-ant-1.10.14\lib\ant.jar" />
    <property name="java.vendor.url.bug" value="https://bugreport.java.com/bugreport/" />
    <property name="java.io.tmpdir" value="C:\Users\vidra\AppData\Local\Temp\" />
    <property name="java.version" value="19.0.2" />
    <property name="user.dir" value="D:\java\lab3" />
    <property name="os.arch" value="amd64" />
    <property name="java.vm.specification.name" value="Java Virtual Machine Specification" />
    <property name="ant.home" value="D:\apache-ant-1.10.14-bin\apache-ant-1.10.14" />
    <property name="sun.os.patch.level" value="" />
    <property name="native.encoding" value="Cp1252" />
    <property name="ant.version" value="Apache Ant(TM) version 1.10.14 compiled on August 16 2023" />
    <property name="sounds.dir" value="sounds" />
    <property name="java.library.path" value="C:\Program Files\Java\jdk-19\bin;C:\WINDOWS\Sun\Java\bin;C:\WINDOWS\system32;C:\WINDOWS;C:\Python312\Scripts\;C:\Python312\;C:\Program Files\Common Files\Oracle\Java\javapath;C:\Windows\System32\HWAudioDriverLibs;C:\Windows\system32;C:\Windows;C:\Windows\System32\Wbem;C:\Windows\System32\WindowsPowerShell\v1.0\;C:\Windows\System32\OpenSSH\;C:\Users\Administrator\AppData\Local\Microsoft\WindowsApps;C:\Program Files\Git\cmd;C:\MinGW\bin;C:\WINDOWS\system32;C:\WINDOWS;C:\WINDOWS\System32\Wbem;C:\WINDOWS\System32\WindowsPowerShell\v1.0\;C:\WINDOWS\System32\OpenSSH\;C:\apache-maven-3.9.5\bin;;C:\Program Files\Docker\Docker\resources\bin;C:\Program Files\nodejs\;C:\ProgramData\chocolatey\bin;C:\WINDOWS\system32\config\systemprofile\AppData\Local\Microsoft\WindowsApps;C:\windows\system32\HWAudioDriver\;D:\subversion\bin;C:\Users\vidra\AppData\Local\Programs\Python\Python311\Scripts\;C:\Users\vidra\AppData\Local\Programs\Python\Python311\;C:\Users\vidra\AppData\Local\Microsoft\WindowsApps;C:\Program Files\JetBrains\IntelliJ IDEA Community Edition 2022.2.1\bin;;D:\PyCharm 2022.2.3\bin;;D:\miktex\miktex\bin\x64\;C:\Users\vidra\AppData\Local\Programs\Microsoft VS Code\bin;D:\PhpStorm 2023.2.1\bin;;D:\IntelliJ IDEA 2023.1.3\bin;;C:\Users\vidra\AppData\Roaming\npm;D:\PyCharm Community Edition 2023.3.3\bin;;D:\apache-ant-1.10.14-bin\apache-ant-1.10.14\bin;;." />
    <property name="java.vendor" value="Oracle Corporation" />
    <property name="stderr.encoding" value="cp437" />
    <property name="java.vm.info" value="mixed mode, sharing" />
    <property name="java.vm.version" value="19.0.2+7-44" />
    <property name="sun.io.unicode.encoding" value="UnicodeLittle" />
    <property name="java.class.version" value="63.0" />
    <property name="src.dir" value="src" />
    <property name="ant.project.default-target" value="bogdan" />
  </properties>
  <error message="ComplexTest" type="java.lang.ClassNotFoundException">java.lang.ClassNotFoundException: ComplexTest
	at java.base/java.lang.ClassLoader.loadClass(ClassLoader.java:521)
	at java.base/java.lang.Class.forName0(Native Method)
	at java.base/java.lang.Class.forName(Class.java:495)
	at java.base/java.lang.Class.forName(Class.java:474)
	at java.base/jdk.internal.reflect.DirectMethodHandleAccessor.invoke(DirectMethodHandleAccessor.java:104)
</error>
  <system-out><![CDATA[]]></system-out>
  <system-err><![CDATA[]]></system-err>
</testsuite>
